<?xml version="1.0" encoding="UTF-8"?>
<testsuite xmlns:xsi="http://www.w3.org/2001/XMLSchema-instance" xsi:noNamespaceSchemaLocation="https://maven.apache.org/surefire/maven-surefire-plugin/xsd/surefire-test-report.xsd" name="heap.AppTest" time="0.07" tests="5" errors="0" skipped="0" failures="3">
  <properties>
[...]
</properties>
  <testcase name="shouldAnswerWithTrue" classname="heap.AppTest" time="0.005"/>
  <testcase name="testMaxHeap_first" classname="heap.AppTest" time="0.009">
    <failure message="expected:&lt;84&gt; but was:&lt;5&gt;" type="java.lang.AssertionError"><![CDATA[java.lang.AssertionError: expected:<84> but was:<5>
	at heap.AppTest.testMaxHeap_first(AppTest.java:44)
]]></failure>
  </testcase>
  <testcase name="testMaxHeap_second" classname="heap.AppTest" time="0.001">
    <failure message="expected:&lt;94&gt; but was:&lt;5&gt;" type="java.lang.AssertionError"><![CDATA[java.lang.AssertionError: expected:<94> but was:<5>
	at heap.AppTest.testMaxHeap_second(AppTest.java:62)
]]></failure>
  </testcase>
  <testcase name="testMaxHeap_position" classname="heap.AppTest" time="0.002">
    <failure message="expected:&lt;84&gt; but was:&lt;3&gt;" type="java.lang.AssertionError"><![CDATA[java.lang.AssertionError: expected:<84> but was:<3>
	at heap.AppTest.testMaxHeap_position(AppTest.java:81)
]]></failure>
  </testcase>
  <testcase name="testInheritance" classname="heap.AppTest" time="0"/>
</testsuite>